WARNING: Method definition rrule(typeof(Base.merge), NamedTuple{F1, T} where T<:Tuple, NamedTuple{F2, T} where T<:Tuple) where {F1, F2} in module ChainRules at /home/astro/phupfb/.julia/packages/ChainRules/14CDN/src/rulesets/Base/base.jl:347 overwritten in module Lux at /home/astro/phupfb/.julia/packages/Lux/68T9j/src/chainrules.jl:17.
ERROR: Method overwriting is not permitted during Module precompilation. Use `__precompile__(false)` to opt-out of precompilation.
WARNING: Method definition rrule(typeof(Base.merge), T1, T2) where {T1<:(NamedTuple{names, T} where T<:Tuple where names), T2<:(NamedTuple{names, T} where T<:Tuple where names)} in module Lux at /home/astro/phupfb/.julia/packages/Lux/68T9j/src/chainrules.jl:17 overwritten in module ChainRules at /home/astro/phupfb/.julia/packages/ChainRules/14CDN/src/rulesets/Base/base.jl:347.
ERROR: Method overwriting is not permitted during Module precompilation. Use `__precompile__(false)` to opt-out of precompilation.
   Resolving package versions...
  No Changes to `/gpfs/home/astro/phupfb/new_ACE/ace_stuff/Project.toml`
  No Changes to `/gpfs/home/astro/phupfb/new_ACE/ace_stuff/Manifest.toml`
Precompiling packages...
   1753.4 ms  ? Lux â†’ LuxZygoteExt
   6626.1 ms  ? ACEpotentials
   Resolving package versions...
  No Changes to `/gpfs/home/astro/phupfb/new_ACE/ace_stuff/Project.toml`
  No Changes to `/gpfs/home/astro/phupfb/new_ACE/ace_stuff/Manifest.toml`
Precompiling packages...
   1009.4 ms  ? Lux â†’ LuxZygoteExt
   6291.6 ms  ? ACEpotentials
ERROR: LoadError: MethodError: no method matching set_linear_parameters!(::Tuple{ACEpotentials.Models.ACEPotential{ACEpotentials.Models.ACEModel{1, ACEpotentials.Models.SplineRnlrzzBasis{1, ACEpotentials.Models.NormalizedTransform{Float64, ACEpotentials.Models.GeneralizedAgnesiTransform{Float64}}, ACEpotentials.Models.PolyEnvelope2sX{Float64}, 102, Float64}, Polynomials4ML.RealSCWrapper{SpheriCart.SphericalHarmonics{5, :L2, false, Float64}}, ACEpotentials.Models.SparseEquivTensor{Float64, Polynomials4ML.PooledSparseProduct{2}, Polynomials4ML.SparseSymmProdDAG}, ACEpotentials.Models.SplineRnlrzzBasis{1, ACEpotentials.Models.NormalizedTransform{Float64, ACEpotentials.Models.GeneralizedAgnesiTransform{Float64}}, ACEpotentials.Models.ACE1_PolyEnvelope1sR{Float64}, 17, Float64}, ACEpotentials.Models.OneBody{Float64, Unitful.FreeUnits{(), NoDims, nothing}, Unitful.FreeUnits{(Ã…,), ð‹, nothing}}}}, Dict{String, Any}}, ::Vector{Float64})

Closest candidates are:
  set_linear_parameters!(!Matched::ACEpotentials.Models.ACEPotential{<:ACEpotentials.Models.ACEModel}, ::AbstractVector)
   @ ACEpotentials ~/.julia/packages/ACEpotentials/3ll0p/src/models/calculators.jl:57

Stacktrace:
 [1] top-level scope
   @ /gpfs/home/astro/phupfb/new_ACE/ace_stuff/bulk_mod.jl:29
in expression starting at /gpfs/home/astro/phupfb/new_ACE/ace_stuff/bulk_mod.jl:29
