WARNING: Method definition rrule(typeof(Base.merge), NamedTuple{F1, T} where T<:Tuple, NamedTuple{F2, T} where T<:Tuple) where {F1, F2} in module ChainRules at /home/astro/phupfb/.julia/packages/ChainRules/14CDN/src/rulesets/Base/base.jl:347 overwritten in module Lux at /home/astro/phupfb/.julia/packages/Lux/68T9j/src/chainrules.jl:17.
ERROR: Method overwriting is not permitted during Module precompilation. Use `__precompile__(false)` to opt-out of precompilation.
WARNING: Method definition rrule(typeof(Base.merge), T1, T2) where {T1<:(NamedTuple{names, T} where T<:Tuple where names), T2<:(NamedTuple{names, T} where T<:Tuple where names)} in module Lux at /home/astro/phupfb/.julia/packages/Lux/68T9j/src/chainrules.jl:17 overwritten in module ChainRules at /home/astro/phupfb/.julia/packages/ChainRules/14CDN/src/rulesets/Base/base.jl:347.
ERROR: Method overwriting is not permitted during Module precompilation. Use `__precompile__(false)` to opt-out of precompilation.
   Resolving package versions...
    Updating `/gpfs/home/astro/phupfb/new_ACE/ace_stuff/Project.toml`
  [a3e0e189] + AtomsCalculators v0.2.3
  No Changes to `/gpfs/home/astro/phupfb/new_ACE/ace_stuff/Manifest.toml`
Precompiling packages...
   1411.6 ms  ? Lux → LuxZygoteExt
   6449.8 ms  ? ACEpotentials
   Resolving package versions...
    Updating `/gpfs/home/astro/phupfb/new_ACE/ace_stuff/Project.toml`
  [1986cc42] + Unitful v1.25.1
  No Changes to `/gpfs/home/astro/phupfb/new_ACE/ace_stuff/Manifest.toml`
Precompiling packages...
   1012.7 ms  ? Lux → LuxZygoteExt
   6286.5 ms  ? ACEpotentials
ERROR: LoadError: MethodError: no method matching *(::Float64, ::SubString{String})

Closest candidates are:
  *(::Any, ::Any, !Matched::Any, !Matched::Any...)
   @ Base operators.jl:587
  *(!Matched::Missing, ::Union{AbstractChar, AbstractString})
   @ Base missing.jl:184
  *(::Real, !Matched::Complex{Bool})
   @ Base complex.jl:327
  ...

Stacktrace:
  [1] *
    @ ./operators.jl:587 [inlined]
  [2] macro expansion
    @ /gpfs/home/astro/phupfb/.julia/juliaup/julia-1.10.10+0.x64.linux.gnu/share/julia/stdlib/v1.10/LinearAlgebra/src/diagonal.jl:359 [inlined]
  [3] macro expansion
    @ ./simdloop.jl:77 [inlined]
  [4] __muldiag!(out::Matrix{Any}, D::Diagonal{Float64, Vector{Float64}}, B::Matrix{Any}, _add::LinearAlgebra.MulAddMul{true, true, Bool, Bool})
    @ LinearAlgebra /gpfs/home/astro/phupfb/.julia/juliaup/julia-1.10.10+0.x64.linux.gnu/share/julia/stdlib/v1.10/LinearAlgebra/src/diagonal.jl:358
  [5] _mul_diag!
    @ /gpfs/home/astro/phupfb/.julia/juliaup/julia-1.10.10+0.x64.linux.gnu/share/julia/stdlib/v1.10/LinearAlgebra/src/diagonal.jl:432 [inlined]
  [6] _mul!
    @ /gpfs/home/astro/phupfb/.julia/juliaup/julia-1.10.10+0.x64.linux.gnu/share/julia/stdlib/v1.10/LinearAlgebra/src/diagonal.jl:438 [inlined]
  [7] mul!
    @ /gpfs/home/astro/phupfb/.julia/juliaup/julia-1.10.10+0.x64.linux.gnu/share/julia/stdlib/v1.10/LinearAlgebra/src/bidiag.jl:453 [inlined]
  [8] mul!
    @ /gpfs/home/astro/phupfb/.julia/juliaup/julia-1.10.10+0.x64.linux.gnu/share/julia/stdlib/v1.10/LinearAlgebra/src/matmul.jl:237 [inlined]
  [9] *(D::Diagonal{Float64, Vector{Float64}}, A::Matrix{Any})
    @ LinearAlgebra /gpfs/home/astro/phupfb/.julia/juliaup/julia-1.10.10+0.x64.linux.gnu/share/julia/stdlib/v1.10/LinearAlgebra/src/diagonal.jl:292
 [10] top-level scope
    @ /gpfs/home/astro/phupfb/new_ACE/ace_stuff/bulk_mod.jl:26
in expression starting at /gpfs/home/astro/phupfb/new_ACE/ace_stuff/bulk_mod.jl:26
