WARNING: Method definition rrule(typeof(Base.merge), NamedTuple{F1, T} where T<:Tuple, NamedTuple{F2, T} where T<:Tuple) where {F1, F2} in module ChainRules at /home/astro/phupfb/.julia/packages/ChainRules/14CDN/src/rulesets/Base/base.jl:347 overwritten in module Lux at /home/astro/phupfb/.julia/packages/Lux/68T9j/src/chainrules.jl:17.
ERROR: Method overwriting is not permitted during Module precompilation. Use `__precompile__(false)` to opt-out of precompilation.
WARNING: Method definition rrule(typeof(Base.merge), T1, T2) where {T1<:(NamedTuple{names, T} where T<:Tuple where names), T2<:(NamedTuple{names, T} where T<:Tuple where names)} in module Lux at /home/astro/phupfb/.julia/packages/Lux/68T9j/src/chainrules.jl:17 overwritten in module ChainRules at /home/astro/phupfb/.julia/packages/ChainRules/14CDN/src/rulesets/Base/base.jl:347.
ERROR: Method overwriting is not permitted during Module precompilation. Use `__precompile__(false)` to opt-out of precompilation.
┌ Warning: Module IntervalSetsRandomExt with build ID ffffffff-ffff-ffff-5886-726f814bce8a is missing from the cache.
│ This may mean IntervalSetsRandomExt [26d0d72c-3857-57d2-89fc-eff847a63330] does not support precompilation but is imported by a module that does.
└ @ Base loading.jl:2018
┌ Error: Error during loading of extension IntervalSetsRandomExt of IntervalSets, use `Base.retry_load_extensions()` to retry.
│   exception =
│    1-element ExceptionStack:
│    Declaring __precompile__(false) is not allowed in files that are being precompiled.
│    Stacktrace:
│      [1] _require(pkg::Base.PkgId, env::Nothing)
│        @ Base ./loading.jl:2022
│      [2] __require_prelocked(uuidkey::Base.PkgId, env::Nothing)
│        @ Base ./loading.jl:1882
│      [3] #invoke_in_world#3
│        @ ./essentials.jl:926 [inlined]
│      [4] invoke_in_world
│        @ ./essentials.jl:923 [inlined]
│      [5] _require_prelocked
│        @ ./loading.jl:1873 [inlined]
│      [6] _require_prelocked
│        @ ./loading.jl:1872 [inlined]
│      [7] run_extension_callbacks(extid::Base.ExtensionId)
│        @ Base ./loading.jl:1365
│      [8] run_extension_callbacks(pkgid::Base.PkgId)
│        @ Base ./loading.jl:1400
│      [9] run_package_callbacks(modkey::Base.PkgId)
│        @ Base ./loading.jl:1224
│     [10] __require_prelocked(uuidkey::Base.PkgId, env::String)
│        @ Base ./loading.jl:1889
│     [11] #invoke_in_world#3
│        @ ./essentials.jl:926 [inlined]
│     [12] invoke_in_world
│        @ ./essentials.jl:923 [inlined]
│     [13] _require_prelocked(uuidkey::Base.PkgId, env::String)
│        @ Base ./loading.jl:1873
│     [14] macro expansion
│        @ ./loading.jl:1860 [inlined]
│     [15] macro expansion
│        @ ./lock.jl:267 [inlined]
│     [16] __require(into::Module, mod::Symbol)
│        @ Base ./loading.jl:1823
│     [17] #invoke_in_world#3
│        @ ./essentials.jl:926 [inlined]
│     [18] invoke_in_world
│        @ ./essentials.jl:923 [inlined]
│     [19] require(into::Module, mod::Symbol)
│        @ Base ./loading.jl:1816
│     [20] include
│        @ ./Base.jl:495 [inlined]
│     [21] include_package_for_output(pkg::Base.PkgId, input::String, depot_path::Vector{String}, dl_load_path::Vector{String}, load_path::Vector{String}, concrete_deps::Vector{Pair{Base.PkgId, UInt128}}, source::String)
│        @ Base ./loading.jl:2292
│     [22] top-level scope
│        @ stdin:4
│     [23] eval
│        @ ./boot.jl:385 [inlined]
│     [24] include_string(mapexpr::typeof(identity), mod::Module, code::String, filename::String)
│        @ Base ./loading.jl:2146
│     [25] include_string
│        @ ./loading.jl:2156 [inlined]
│     [26] exec_options(opts::Base.JLOptions)
│        @ Base ./client.jl:321
│     [27] _start()
│        @ Base ./client.jl:557
└ @ Base loading.jl:1371
   Resolving package versions...
  No Changes to `/gpfs/home/astro/phupfb/new_ACE/ace_stuff/Project.toml`
  No Changes to `/gpfs/home/astro/phupfb/new_ACE/ace_stuff/Manifest.toml`
Precompiling packages...
   1379.4 ms  ? Lux → LuxZygoteExt
   6440.5 ms  ? ACEpotentials
   Resolving package versions...
  No Changes to `/gpfs/home/astro/phupfb/new_ACE/ace_stuff/Project.toml`
  No Changes to `/gpfs/home/astro/phupfb/new_ACE/ace_stuff/Manifest.toml`
Precompiling packages...
   1009.9 ms  ? Lux → LuxZygoteExt
   6322.9 ms  ? ACEpotentials
   Resolving package versions...
   Installed JpegTurbo_jll ─────────────── v3.1.3+0
   Installed libfdk_aac_jll ────────────── v2.0.4+0
   Installed Libmount_jll ──────────────── v2.41.2+0
   Installed x265_jll ──────────────────── v4.1.0+0
   Installed JpegTurbo ─────────────────── v0.1.6
   Installed ImageIO ───────────────────── v0.6.9
   Installed TiffImages ────────────────── v0.11.6
   Installed AxisArrays ────────────────── v0.4.8
   Installed HypergeometricFunctions ───── v0.3.28
   Installed StatsFuns ─────────────────── v1.5.2
   Installed LERC_jll ──────────────────── v4.0.1+0
   Installed Opus_jll ──────────────────── v1.5.2+0
   Installed AdaptivePredicates ────────── v1.2.0
   Installed RelocatableFolders ────────── v1.0.1
   Installed PNGFiles ──────────────────── v0.4.4
   Installed EarCut_jll ────────────────── v2.2.4+0
   Installed Grisu ─────────────────────── v1.0.2
   Installed PlotUtils ─────────────────── v1.4.4
   Installed OpenEXR ───────────────────── v0.3.3
   Installed PDMats ────────────────────── v0.11.36
   Installed Contour ───────────────────── v0.6.3
   Installed Sixel ─────────────────────── v0.1.5
   Installed ColorSchemes ──────────────── v3.31.0
   Installed SignedDistanceFields ──────── v0.4.0
   Installed Cairo_jll ─────────────────── v1.18.5+0
   Installed Fontconfig_jll ────────────── v2.17.1+0
   Installed Netpbm ────────────────────── v1.1.1
   Installed FilePaths ─────────────────── v0.8.3
   Installed BaseDirs ──────────────────── v1.3.2
   Installed FileIO ────────────────────── v1.17.1
   Installed Showoff ───────────────────── v1.0.3
   Installed Xorg_libXau_jll ───────────── v1.0.13+0
   Installed TriplotBase ───────────────── v0.1.0
   Installed Giflib_jll ────────────────── v5.2.3+0
   Installed SIMD ──────────────────────── v3.7.2
   Installed RoundingEmulator ──────────── v0.2.1
   Installed PolygonOps ────────────────── v0.1.2
   Installed Pango_jll ─────────────────── v1.57.0+0
   Installed OpenBLASConsistentFPCSR_jll ─ v0.3.29+0
   Installed QOI ───────────────────────── v1.0.1
   Installed XZ_jll ────────────────────── v5.8.1+0
   Installed Bzip2_jll ─────────────────── v1.0.9+0
   Installed isoband_jll ───────────────── v0.2.3+0
   Installed HarfBuzz_jll ──────────────── v8.5.1+0
   Installed LZO_jll ───────────────────── v2.10.3+0
   Installed PkgVersion ────────────────── v0.3.3
   Installed WebP ──────────────────────── v0.1.3
   Installed MathTeXEngine ─────────────── v0.6.7
   Installed FriBidi_jll ───────────────── v1.0.17+0
   Installed UnicodeFun ────────────────── v0.4.1
   Installed Rmath_jll ─────────────────── v0.5.1+0
   Installed Graphics ──────────────────── v1.1.3
   Installed ImageMetadata ─────────────── v0.9.10
   Installed x264_jll ──────────────────── v10164.0.1+0
   Installed FreeType ──────────────────── v4.1.1
   Installed MappedArrays ──────────────── v0.4.2
   Installed Colors ────────────────────── v0.13.1
   Installed FreeType2_jll ─────────────── v2.13.4+0
   Installed PaddedViews ───────────────── v0.5.12
   Installed GridLayoutBase ────────────── v0.11.2
   Installed LazyModules ───────────────── v0.3.1
   Installed Automa ────────────────────── v1.1.0
   Installed Xorg_libxcb_jll ───────────── v1.17.1+0
   Installed libpng_jll ────────────────── v1.6.50+0
   Installed libaom_jll ────────────────── v3.13.1+0
   Installed MosaicViews ───────────────── v0.3.4
   Installed ImageCore ─────────────────── v0.10.5
   Installed Scratch ───────────────────── v1.3.0
   Installed TensorCore ────────────────── v0.1.1
   Installed ColorTypes ────────────────── v0.12.1
   Installed Expat_jll ─────────────────── v2.7.3+0
   Installed Xorg_libXext_jll ──────────── v1.3.7+0
   Installed Inflate ───────────────────── v0.1.5
   Installed Isoband ───────────────────── v0.1.1
   Installed FreeTypeAbstraction ───────── v0.10.8
   Installed Zstd_jll ──────────────────── v1.5.7+1
   Installed Imath_jll ─────────────────── v3.1.11+0
   Installed Format ────────────────────── v1.3.7
   Installed Packing ───────────────────── v0.5.1
   Installed Extents ───────────────────── v0.1.6
   Installed ColorVectorSpace ──────────── v0.11.0
   Installed Libffi_jll ────────────────── v3.4.7+0
   Installed Libtiff_jll ───────────────── v4.7.2+0
   Installed AbstractTrees ─────────────── v0.4.5
   Installed Animations ────────────────── v0.4.2
   Installed Ogg_jll ───────────────────── v1.3.6+0
   Installed Xorg_libXrender_jll ───────── v0.9.12+0
   Installed ExactPredicates ───────────── v2.2.9
   Installed KernelDensity ─────────────── v0.6.10
   Installed ComputePipeline ───────────── v0.1.4
   Installed IntervalArithmetic ────────── v0.22.36
   Installed RangeArrays ───────────────── v0.3.2
   Installed StackViews ────────────────── v0.1.2
   Installed OpenEXR_jll ───────────────── v3.2.4+0
   Installed Libuuid_jll ───────────────── v2.41.2+0
   Installed SimpleTraits ──────────────── v0.9.5
   Installed ColorBrewer ───────────────── v0.4.2
   Installed Graphite2_jll ─────────────── v1.3.15+0
   Installed libass_jll ────────────────── v0.17.4+0
   Installed StableRNGs ────────────────── v1.0.4
   Installed Pixman_jll ────────────────── v0.44.2+0
   Installed Rmath ─────────────────────── v0.9.0
   Installed Xorg_xtrans_jll ───────────── v1.6.0+0
   Installed ImageBase ─────────────────── v0.1.7
   Installed IterTools ─────────────────── v1.10.0
   Installed IntervalSets ──────────────── v0.7.12
   Installed Cairo ─────────────────────── v1.1.1
   Installed OpenSSL_jll ───────────────── v3.5.4+0
   Installed IndirectArrays ────────────── v1.0.0
   Installed CairoMakie ────────────────── v0.15.6
   Installed FixedPointNumbers ─────────── v0.8.5
   Installed GeometryBasics ────────────── v0.5.10
   Installed LLVMOpenMP_jll ────────────── v18.1.8+0
   Installed FFMPEG_jll ────────────────── v6.1.3+0
   Installed ShaderAbstractions ────────── v0.5.0
   Installed Glib_jll ──────────────────── v2.86.0+0
   Installed GettextRuntime_jll ────────── v0.22.4+0
   Installed LAME_jll ──────────────────── v3.100.3+0
   Installed libvorbis_jll ─────────────── v1.3.8+0
   Installed libsixel_jll ──────────────── v1.10.5+0
   Installed Makie ─────────────────────── v0.24.6
   Installed Libglvnd_jll ──────────────── v1.7.1+1
   Installed CRlibm ────────────────────── v1.0.2
   Installed ImageAxes ─────────────────── v0.6.12
   Installed FilePathsBase ─────────────── v0.9.24
   Installed Xorg_libXdmcp_jll ─────────── v1.1.6+0
   Installed Xorg_libX11_jll ───────────── v1.8.12+0
   Installed Distributions ─────────────── v0.25.122
   Installed Observables ───────────────── v0.5.5
   Installed libwebp_jll ───────────────── v1.6.0+0
   Installed CRlibm_jll ────────────────── v1.0.1+0
   Installed DelaunayTriangulation ─────── v1.6.5
    Updating `/gpfs/home/astro/phupfb/new_ACE/ace_stuff/Project.toml`
  [13f3f980] + CairoMakie v0.15.6
    Updating `/gpfs/home/astro/phupfb/new_ACE/ace_stuff/Manifest.toml`
  [1520ce14] + AbstractTrees v0.4.5
  [35492f91] + AdaptivePredicates v1.2.0
  [27a7e980] + Animations v0.4.2
  [67c07d97] + Automa v1.1.0
  [39de3d68] + AxisArrays v0.4.8
  [18cc8868] + BaseDirs v1.3.2
  [96374032] + CRlibm v1.0.2
  [159f3aea] + Cairo v1.1.1
  [13f3f980] + CairoMakie v0.15.6
  [a2cac450] + ColorBrewer v0.4.2
  [35d6a980] + ColorSchemes v3.31.0
  [3da002f7] + ColorTypes v0.12.1
  [c3611d14] + ColorVectorSpace v0.11.0
  [5ae59095] + Colors v0.13.1
  [95dc2771] + ComputePipeline v0.1.4
  [d38c429a] + Contour v0.6.3
  [927a84f5] + DelaunayTriangulation v1.6.5
  [31c24e10] + Distributions v0.25.122
  [429591f6] + ExactPredicates v2.2.9
  [411431e0] + Extents v0.1.6
  [5789e2e9] + FileIO v1.17.1
⌅ [8fc22ac5] + FilePaths v0.8.3
  [48062228] + FilePathsBase v0.9.24
  [53c48c17] + FixedPointNumbers v0.8.5
  [1fa38f19] + Format v1.3.7
  [b38be410] + FreeType v4.1.1
  [663a7486] + FreeTypeAbstraction v0.10.8
  [5c1252a2] + GeometryBasics v0.5.10
  [a2bd30eb] + Graphics v1.1.3
  [3955a311] + GridLayoutBase v0.11.2
  [42e2da0e] + Grisu v1.0.2
  [34004b35] + HypergeometricFunctions v0.3.28
  [2803e5a7] + ImageAxes v0.6.12
  [c817782e] + ImageBase v0.1.7
  [a09fc81d] + ImageCore v0.10.5
  [82e4d734] + ImageIO v0.6.9
  [bc367c6b] + ImageMetadata v0.9.10
  [9b13fd28] + IndirectArrays v1.0.0
  [d25df0c9] + Inflate v0.1.5
⌃ [d1acc4aa] + IntervalArithmetic v0.22.36
  [8197267c] + IntervalSets v0.7.12
  [f1662d9f] + Isoband v0.1.1
  [c8e1da08] + IterTools v1.10.0
  [b835a17e] + JpegTurbo v0.1.6
  [5ab0869b] + KernelDensity v0.6.10
  [8cdb02fc] + LazyModules v0.3.1
  [ee78f7c6] + Makie v0.24.6
  [dbb5928d] + MappedArrays v0.4.2
  [0a4f8689] + MathTeXEngine v0.6.7
  [e94cdb99] + MosaicViews v0.3.4
  [f09324ee] + Netpbm v1.1.1
  [510215fc] + Observables v0.5.5
  [52e1d378] + OpenEXR v0.3.3
  [90014a1f] + PDMats v0.11.36
  [f57f5aa1] + PNGFiles v0.4.4
  [19eb6ba3] + Packing v0.5.1
  [5432bcbf] + PaddedViews v0.5.12
  [eebad327] + PkgVersion v0.3.3
  [995b91a9] + PlotUtils v1.4.4
  [647866c9] + PolygonOps v0.1.2
  [4b34888f] + QOI v1.0.1
  [b3c3ace0] + RangeArrays v0.3.2
  [05181044] + RelocatableFolders v1.0.1
  [79098fc4] + Rmath v0.9.0
  [5eaf0fd0] + RoundingEmulator v0.2.1
  [fdea26ae] + SIMD v3.7.2
  [6c6a2e73] + Scratch v1.3.0
  [65257c39] + ShaderAbstractions v0.5.0
  [992d4aef] + Showoff v1.0.3
  [73760f76] + SignedDistanceFields v0.4.0
  [699a6c99] + SimpleTraits v0.9.5
  [45858cf5] + Sixel v0.1.5
  [860ef19b] + StableRNGs v1.0.4
  [cae243ae] + StackViews v0.1.2
  [4c63d2b9] + StatsFuns v1.5.2
  [62fd8b95] + TensorCore v0.1.1
  [731e570b] + TiffImages v0.11.6
  [981d1d27] + TriplotBase v0.1.0
  [1cfade01] + UnicodeFun v0.4.1
  [e3aaa7dc] + WebP v0.1.3
  [6e34b625] + Bzip2_jll v1.0.9+0
  [4e9b3aee] + CRlibm_jll v1.0.1+0
  [83423d85] + Cairo_jll v1.18.5+0
  [5ae413db] + EarCut_jll v2.2.4+0
  [2e619515] + Expat_jll v2.7.3+0
⌅ [b22a6f82] + FFMPEG_jll v6.1.3+0
  [a3f928ae] + Fontconfig_jll v2.17.1+0
  [d7e528f0] + FreeType2_jll v2.13.4+0
  [559328eb] + FriBidi_jll v1.0.17+0
  [b0724c58] + GettextRuntime_jll v0.22.4+0
  [59f7168a] + Giflib_jll v5.2.3+0
  [7746bdde] + Glib_jll v2.86.0+0
  [3b182d85] + Graphite2_jll v1.3.15+0
  [2e76f6c2] + HarfBuzz_jll v8.5.1+0
  [905a6f67] + Imath_jll v3.1.11+0
  [aacddb02] + JpegTurbo_jll v3.1.3+0
  [c1c5ebd0] + LAME_jll v3.100.3+0
  [88015f11] + LERC_jll v4.0.1+0
  [1d63c593] + LLVMOpenMP_jll v18.1.8+0
  [dd4b983a] + LZO_jll v2.10.3+0
  [e9f186c6] + Libffi_jll v3.4.7+0
  [7e76a0d4] + Libglvnd_jll v1.7.1+1
  [4b2f31a3] + Libmount_jll v2.41.2+0
  [89763e89] + Libtiff_jll v4.7.2+0
  [38a345b3] + Libuuid_jll v2.41.2+0
  [e7412a2a] + Ogg_jll v1.3.6+0
  [6cdc7f73] + OpenBLASConsistentFPCSR_jll v0.3.29+0
  [18a262bb] + OpenEXR_jll v3.2.4+0
  [458c3c95] + OpenSSL_jll v3.5.4+0
  [91d4177d] + Opus_jll v1.5.2+0
  [36c8627f] + Pango_jll v1.57.0+0
⌅ [30392449] + Pixman_jll v0.44.2+0
  [f50d1b31] + Rmath_jll v0.5.1+0
  [ffd25f8a] + XZ_jll v5.8.1+0
  [4f6342f7] + Xorg_libX11_jll v1.8.12+0
  [0c0b7dd1] + Xorg_libXau_jll v1.0.13+0
  [a3789734] + Xorg_libXdmcp_jll v1.1.6+0
  [1082639a] + Xorg_libXext_jll v1.3.7+0
  [ea2f1a96] + Xorg_libXrender_jll v0.9.12+0
  [c7cfdc94] + Xorg_libxcb_jll v1.17.1+0
  [c5fb5394] + Xorg_xtrans_jll v1.6.0+0
  [3161d3a3] + Zstd_jll v1.5.7+1
  [9a68df92] + isoband_jll v0.2.3+0
  [a4ae2306] + libaom_jll v3.13.1+0
  [0ac62f75] + libass_jll v0.17.4+0
  [f638f0a6] + libfdk_aac_jll v2.0.4+0
  [b53b4c65] + libpng_jll v1.6.50+0
  [075b6546] + libsixel_jll v1.10.5+0
  [f27f6e37] + libvorbis_jll v1.3.8+0
  [c5f90fcd] + libwebp_jll v1.6.0+0
  [1270edf5] + x264_jll v10164.0.1+0
  [dfaa095f] + x265_jll v4.1.0+0
  [8bf52ea8] + CRC32c
        Info Packages marked with ⌃ and ⌅ have new versions available. Those with ⌃ may be upgradable, but those with ⌅ are restricted by compatibility constraints from upgrading. To see why use `status --outdated -m`
┌ Warning: Circular dependency detected.
│ Precompilation will be skipped for dependencies in this cycle:
│  ┌ IntervalSets → IntervalSetsRandomExt
│  └─ IntervalSets → IntervalSetsPrintfExt
│ Precompilation will also be skipped for the following, which depend on the above cycle:
│   ImageIO
│   ImageAxes
│   CairoMakie
│   ConstructionBase → ConstructionBaseIntervalSetsExt
│   IntervalArithmetic → IntervalArithmeticIntervalSetsExt
│   Makie
│   Accessors → IntervalSetsExt
│   AxisArrays
│   IntervalSets → IntervalSetsRecipesBaseExt
│   Netpbm
│   IntervalSets → IntervalSetsStatisticsExt
│   ImageMetadata
└ @ Pkg.API.Precompilation /gpfs/home/astro/phupfb/.julia/juliaup/julia-1.10.10+0.x64.linux.gnu/share/julia/stdlib/v1.10/Pkg/src/precompilation.jl:583
Precompiling packages...
   1645.6 ms  ✓ RangeArrays
   1594.3 ms  ✓ IndirectArrays
   1591.4 ms  ✓ PolygonOps
   1583.7 ms  ✓ TensorCore
   1575.1 ms  ✓ Contour
   1546.2 ms  ✓ TriplotBase
   1472.0 ms  ✓ IterTools
   1469.5 ms  ✓ PkgVersion
   1414.6 ms  ✓ PaddedViews
   1407.0 ms  ✓ Observables
   1391.0 ms  ✓ StableRNGs
   1353.9 ms  ✓ AbstractTrees
   1348.1 ms  ✓ IntervalSets
   1540.6 ms  ✓ Grisu
   1810.2 ms  ✓ Format
    606.2 ms  ✓ RoundingEmulator
    604.6 ms  ✓ Extents
    583.0 ms  ✓ Scratch
    851.1 ms  ✓ StackViews
   1221.5 ms  ✓ ComputePipeline
   1229.2 ms  ✓ MappedArrays
    907.3 ms  ✓ Showoff
   1308.2 ms  ✓ FilePathsBase
   1365.3 ms  ✓ UnicodeFun
   1383.3 ms  ✓ Inflate
   1473.2 ms  ✓ LazyModules
    900.2 ms  ✓ Libmount_jll
   1509.5 ms  ✓ SimpleTraits
   1138.1 ms  ✓ OpenSSL_jll
    893.7 ms  ✓ LLVMOpenMP_jll
    682.4 ms  ✓ Rmath_jll
    877.6 ms  ✓ Bzip2_jll
   1810.4 ms  ✓ AdaptivePredicates
   3639.4 ms  ✓ BaseDirs
    573.3 ms  ✓ Imath_jll
    728.0 ms  ✓ libpng_jll
    610.5 ms  ✓ FilePathsBase → FilePathsBaseMmapExt
    815.0 ms  ✓ libfdk_aac_jll
   1241.9 ms  ✓ Xorg_libXau_jll
   1158.7 ms  ✓ LAME_jll
   1117.5 ms  ✓ LERC_jll
   1047.1 ms  ✓ Ogg_jll
   1150.4 ms  ✓ CRlibm_jll
   1228.3 ms  ✓ EarCut_jll
    839.4 ms  ✓ libaom_jll
    812.1 ms  ✓ Expat_jll
    947.7 ms  ✓ x264_jll
   1019.9 ms  ✓ x265_jll
   1305.0 ms  ✓ XZ_jll
   1461.6 ms  ✓ Xorg_libXdmcp_jll
   1501.9 ms  ✓ JpegTurbo_jll
   1349.8 ms  ✓ Zstd_jll
   1150.5 ms  ✓ LZO_jll
    820.2 ms  ✓ Opus_jll
    729.9 ms  ✓ Libffi_jll
    703.8 ms  ✓ Libuuid_jll
    995.8 ms  ✓ isoband_jll
    816.2 ms  ✓ SignedDistanceFields
   1131.8 ms  ✓ Xorg_xtrans_jll
   1206.2 ms  ✓ FriBidi_jll
   1345.6 ms  ✓ OpenBLASConsistentFPCSR_jll
   1390.3 ms  ✓ GettextRuntime_jll
    922.5 ms  ✓ Giflib_jll
   1054.3 ms  ✓ RelocatableFolders
   1660.9 ms  ✓ PDMats
   1129.4 ms  ✓ Libtiff_jll
   1415.9 ms  ✓ HypergeometricFunctions
   1152.9 ms  ✓ Graphite2_jll
   1456.1 ms  ✓ Xorg_libxcb_jll
    950.9 ms  ✓ Pixman_jll
   4586.5 ms  ✓ FileIO
   1012.7 ms  ✓ Rmath
   1138.3 ms  ✓ FreeType2_jll
   1281.7 ms  ✓ OpenEXR_jll
   1922.2 ms  ? Lux → LuxZygoteExt
   1159.4 ms  ✓ FilePathsBase → FilePathsBaseTestExt
    864.8 ms  ✓ MosaicViews
   1021.3 ms  ✓ libvorbis_jll
   1011.0 ms  ✓ CRlibm
    933.1 ms  ✓ Isoband
    878.1 ms  ✓ FillArrays → FillArraysPDMatsExt
   1289.0 ms  ✓ FilePaths
    895.7 ms  ✓ libsixel_jll
   1127.0 ms  ✓ PDMats → StatsBaseExt
    776.4 ms  ✓ Xorg_libX11_jll
   1057.0 ms  ✓ Glib_jll
   2935.2 ms  ✓ FixedPointNumbers
    664.6 ms  ✓ Xorg_libXext_jll
    721.1 ms  ✓ Xorg_libXrender_jll
    967.4 ms  ✓ Fontconfig_jll
   1044.5 ms  ✓ FreeType
    734.6 ms  ✓ Ratios → RatiosFixedPointNumbersExt
   1598.1 ms  ✓ StatsFuns
    650.8 ms  ✓ Libglvnd_jll
    611.9 ms  ✓ Cairo_jll
    632.2 ms  ✓ StatsFuns → StatsFunsInverseFunctionsExt
   1762.3 ms  ✓ ColorTypes
    655.1 ms  ✓ HarfBuzz_jll
    703.7 ms  ✓ libwebp_jll
   2469.3 ms  ✓ IntervalArithmetic
   1355.0 ms  ✓ StatsFuns → StatsFunsChainRulesCoreExt
    671.0 ms  ✓ Pango_jll
    677.7 ms  ✓ libass_jll
    933.6 ms  ✓ QOI
    751.4 ms  ✓ IntervalArithmetic → IntervalArithmeticLinearAlgebraExt
    657.9 ms  ✓ IntervalArithmetic → IntervalArithmeticDiffRulesExt
   1033.3 ms  ✓ FFMPEG_jll
    690.2 ms  ✓ IntervalArithmetic → IntervalArithmeticRecipesBaseExt
    696.5 ms  ✓ IntervalArithmetic → IntervalArithmeticSparseArraysExt
   2629.6 ms  ✓ ColorVectorSpace
    693.9 ms  ✓ ColorVectorSpace → SpecialFunctionsExt
   4412.7 ms  ✓ Distributions
   2778.7 ms  ✓ ExactPredicates
   1002.1 ms  ✓ Distributions → DistributionsChainRulesCoreExt
   1107.1 ms  ✓ Distributions → DistributionsTestExt
   4981.3 ms  ✓ Colors
   7320.9 ms  ? ACEpotentials
   8655.6 ms  ✓ SIMD
    958.5 ms  ✓ Graphics
   1068.3 ms  ✓ ColorBrewer
   1215.7 ms  ✓ Animations
   1124.7 ms  ✓ OpenEXR
   1750.9 ms  ✓ KernelDensity
   1424.5 ms  ✓ Zygote → ZygoteColorsExt
   1600.1 ms  ✓ Cairo
   3824.7 ms  ✓ DelaunayTriangulation
  11183.1 ms  ✓ GeometryBasics
   3707.2 ms  ✓ ColorSchemes
    933.2 ms  ✓ Packing
   1403.1 ms  ✓ ShaderAbstractions
   2017.7 ms  ✓ FreeTypeAbstraction
   4605.3 ms  ✓ GridLayoutBase
   9298.9 ms  ✓ Automa
   8493.6 ms  ✓ PlotUtils
   4620.8 ms  ✓ MathTeXEngine
  16225.8 ms  ✓ ImageCore
   1756.7 ms  ✓ Sixel
   1764.2 ms  ✓ WebP
   1875.3 ms  ✓ JpegTurbo
   2029.1 ms  ✓ ImageBase
   3401.3 ms  ✓ PNGFiles
  20259.2 ms  ✓ TiffImages
  140 dependencies successfully precompiled in 37 seconds. 316 already precompiled. 14 skipped due to circular dependency.
  2 dependencies precompiled but different versions are currently loaded. Restart julia to access the new versions
  2 dependencies failed but may be precompilable after restarting julia
  2 dependencies had output during precompilation:
┌ Lux → LuxZygoteExt
│  WARNING: Method definition rrule(typeof(Base.merge), T1, T2) where {T1<:(NamedTuple{names, T} where T<:Tuple where names), T2<:(NamedTuple{names, T} where T<:Tuple where names)} in module Lux at /home/astro/phupfb/.julia/packages/Lux/68T9j/src/chainrules.jl:17 overwritten in module ChainRules at /home/astro/phupfb/.julia/packages/ChainRules/14CDN/src/rulesets/Base/base.jl:347.
│  ERROR: Method overwriting is not permitted during Module precompilation. Use `__precompile__(false)` to opt-out of precompilation.
└  
┌ ACEpotentials
│  WARNING: Method definition rrule(typeof(Base.merge), NamedTuple{F1, T} where T<:Tuple, NamedTuple{F2, T} where T<:Tuple) where {F1, F2} in module ChainRules at /home/astro/phupfb/.julia/packages/ChainRules/14CDN/src/rulesets/Base/base.jl:347 overwritten in module Lux at /home/astro/phupfb/.julia/packages/Lux/68T9j/src/chainrules.jl:17.
│  ERROR: Method overwriting is not permitted during Module precompilation. Use `__precompile__(false)` to opt-out of precompilation.
└  
ERROR: LoadError: MethodError: reducing over an empty collection is not allowed; consider supplying `init` to the reducer
Stacktrace:
  [1] reduce_empty(op::Base.MappingRF{typeof(typeof), typeof(promote_type)}, ::Type{Any})
    @ Base ./reduce.jl:361
  [2] reduce_empty_iter
    @ ./reduce.jl:384 [inlined]
  [3] mapreduce_empty_iter(f::Function, op::Function, itr::Vector{Any}, ItrEltype::Base.HasEltype)
    @ Base ./reduce.jl:380
  [4] _mapreduce(f::typeof(typeof), op::typeof(promote_type), ::IndexLinear, A::Vector{Any})
    @ Base ./reduce.jl:432
  [5] _mapreduce_dim
    @ ./reducedim.jl:367 [inlined]
  [6] mapreduce
    @ ./reducedim.jl:359 [inlined]
  [7] get_element_type
    @ ~/.julia/packages/Makie/4JW9B/src/conversion.jl:105 [inlined]
  [8] dim_conversion_from_args(values::Vector{Any})
    @ Makie ~/.julia/packages/Makie/4JW9B/src/dim-converts/dim-converts.jl:118
  [9] update_dim_conversion!(conversions::Makie.DimConversions, dim::Int64, value::Vector{Any})
    @ Makie ~/.julia/packages/Makie/4JW9B/src/dim-converts/dim-converts.jl:190
 [10] add_dim_converts!(attr::ComputePipeline.ComputeGraph, dim_converts::Makie.DimConversions, args::Tuple{Vector{Float64}, Vector{Any}}, input::Symbol)
    @ Makie ~/.julia/packages/Makie/4JW9B/src/compute-plots.jl:454
 [11] add_dim_converts!(attr::ComputePipeline.ComputeGraph, dim_converts::Makie.DimConversions, args::Tuple{Vector{Float64}, Vector{Any}})
    @ Makie ~/.julia/packages/Makie/4JW9B/src/compute-plots.jl:444
 [12] _register_argument_conversions!(::Type{Scatter}, attr::ComputePipeline.ComputeGraph, user_kw::Dict{Symbol, Any})
    @ Makie ~/.julia/packages/Makie/4JW9B/src/compute-plots.jl:496
 [13] register_arguments!
    @ ~/.julia/packages/Makie/4JW9B/src/compute-plots.jl:378 [inlined]
 [14] (Scatter)(user_args::Tuple{Vector{Float64}, Vector{Any}}, user_attributes::Dict{Symbol, Any})
    @ Makie ~/.julia/packages/Makie/4JW9B/src/compute-plots.jl:742
 [15] _create_plot!(::Function, ::Dict{Symbol, Any}, ::Axis, ::Vector{Float64}, ::Vararg{Any})
    @ Makie ~/.julia/packages/Makie/4JW9B/src/figureplotting.jl:397
 [16] scatter!(::Axis, ::Vararg{Any}; kw::@Kwargs{})
    @ Makie ~/.julia/packages/Makie/4JW9B/src/recipes.jl:521
 [17] scatter!(::Axis, ::Vararg{Any})
    @ Makie ~/.julia/packages/Makie/4JW9B/src/recipes.jl:519
 [18] top-level scope
    @ /gpfs/home/astro/phupfb/new_ACE/ace_stuff/bulk_mod.jl:68
in expression starting at /gpfs/home/astro/phupfb/new_ACE/ace_stuff/bulk_mod.jl:68
