WARNING: Method definition rrule(typeof(Base.merge), NamedTuple{F1, T} where T<:Tuple, NamedTuple{F2, T} where T<:Tuple) where {F1, F2} in module ChainRules at /home/astro/phupfb/.julia/packages/ChainRules/14CDN/src/rulesets/Base/base.jl:347 overwritten in module Lux at /home/astro/phupfb/.julia/packages/Lux/68T9j/src/chainrules.jl:17.
ERROR: Method overwriting is not permitted during Module precompilation. Use `__precompile__(false)` to opt-out of precompilation.
WARNING: Method definition rrule(typeof(Base.merge), T1, T2) where {T1<:(NamedTuple{names, T} where T<:Tuple where names), T2<:(NamedTuple{names, T} where T<:Tuple where names)} in module Lux at /home/astro/phupfb/.julia/packages/Lux/68T9j/src/chainrules.jl:17 overwritten in module ChainRules at /home/astro/phupfb/.julia/packages/ChainRules/14CDN/src/rulesets/Base/base.jl:347.
ERROR: Method overwriting is not permitted during Module precompilation. Use `__precompile__(false)` to opt-out of precompilation.
   Resolving package versions...
  No Changes to `/gpfs/home/astro/phupfb/new_ACE/ace_stuff/Project.toml`
  No Changes to `/gpfs/home/astro/phupfb/new_ACE/ace_stuff/Manifest.toml`
â”Œ Warning: Circular dependency detected.
â”‚ Precompilation will be skipped for dependencies in this cycle:
â”‚  â”Œ IntervalSets â†’ IntervalSetsRandomExt
â”‚  â””â”€ IntervalSets â†’ IntervalSetsPrintfExt
â”‚ Precompilation will also be skipped for the following, which depend on the above cycle:
â”‚   ImageIO
â”‚   ImageAxes
â”‚   CairoMakie
â”‚   ConstructionBase â†’ ConstructionBaseIntervalSetsExt
â”‚   IntervalArithmetic â†’ IntervalArithmeticIntervalSetsExt
â”‚   Makie
â”‚   Accessors â†’ IntervalSetsExt
â”‚   AxisArrays
â”‚   IntervalSets â†’ IntervalSetsRecipesBaseExt
â”‚   Netpbm
â”‚   IntervalSets â†’ IntervalSetsStatisticsExt
â”‚   ImageMetadata
â”” @ Pkg.API.Precompilation /gpfs/home/astro/phupfb/.julia/juliaup/julia-1.10.10+0.x64.linux.gnu/share/julia/stdlib/v1.10/Pkg/src/precompilation.jl:583
Precompiling packages...
   1932.0 ms  ? Lux â†’ LuxZygoteExt
   7100.7 ms  ? ACEpotentials
ERROR: LoadError: UndefVarError: `bulk_system` not defined
Stacktrace:
 [1] volume_energy_curve_(; element::Symbol, lattice_consts_::LinRange{Float64, Int64}, model::ACEpotentials.Models.ACEPotential{ACEpotentials.Models.ACEModel{1, ACEpotentials.Models.SplineRnlrzzBasis{1, ACEpotentials.Models.NormalizedTransform{Float64, ACEpotentials.Models.GeneralizedAgnesiTransform{Float64}}, ACEpotentials.Models.PolyEnvelope2sX{Float64}, 102, Float64}, Polynomials4ML.RealSCWrapper{SpheriCart.SphericalHarmonics{5, :L2, false, Float64}}, ACEpotentials.Models.SparseEquivTensor{Float64, Polynomials4ML.PooledSparseProduct{2}, Polynomials4ML.SparseSymmProdDAG}, ACEpotentials.Models.SplineRnlrzzBasis{1, ACEpotentials.Models.NormalizedTransform{Float64, ACEpotentials.Models.GeneralizedAgnesiTransform{Float64}}, ACEpotentials.Models.ACE1_PolyEnvelope1sR{Float64}, 17, Float64}, ACEpotentials.Models.OneBody{Float64, Unitful.FreeUnits{(), NoDims, nothing}, Unitful.FreeUnits{(Ã…,), ð‹, nothing}}}}, num_in_committee::Int64)
   @ Main /gpfs/home/astro/phupfb/new_ACE/ace_stuff/bulk_mod.jl:152
 [2] top-level scope
   @ /gpfs/home/astro/phupfb/new_ACE/ace_stuff/bulk_mod.jl:155
in expression starting at /gpfs/home/astro/phupfb/new_ACE/ace_stuff/bulk_mod.jl:155
